<?xml version="1.0" encoding="UTF-8"?>
<!-- Generated by org.testng.reporters.JUnitReportReporter -->
<testsuite hostname="LAPTOP-OTF4MHNH" failures="0" tests="1" name="marshalling_unmarshalling_jackson_API.Test_Json_Payload_1" time="0.935" errors="0" timestamp="2020-03-07T14:30:01 IST" skipped="0">
  <testcase classname="marshalling_unmarshalling_jackson_API.Test_Json_Payload_1" name="Test_marshalling_unmarshalling" time="0.935"/>
</testsuite> <!-- marshalling_unmarshalling_jackson_API.Test_Json_Payload_1 -->
