<?xml version="1.0" encoding="UTF-8"?>
<!-- Generated by org.testng.reporters.JUnitReportReporter -->
<testsuite hostname="LAPTOP-OTF4MHNH" failures="0" tests="1" name="sd.Test_Lotto_Json_Payload" time="0.341" errors="0" timestamp="2020-03-04T17:13:31 IST" skipped="0">
  <testcase classname="sd.Test_Lotto_Json_Payload" name="test_Lotto_Json_Payload" time="0.341"/>
</testsuite> <!-- sd.Test_Lotto_Json_Payload -->
