<?xml version="1.0" encoding="UTF-8"?>
<!-- Generated by org.testng.reporters.JUnitReportReporter -->
<testsuite hostname="LAPTOP-OTF4MHNH" failures="0" tests="1" name="sd1.Test_Json_Payload" time="0.359" errors="0" timestamp="2020-03-07T16:58:30 IST" skipped="0">
  <testcase classname="sd1.Test_Json_Payload" name="test_Json_Payload" time="0.359"/>
</testsuite> <!-- sd1.Test_Json_Payload -->
