<?xml version="1.0" encoding="UTF-8"?>
<!-- Generated by org.testng.reporters.JUnitReportReporter -->
<testsuite hostname="LAPTOP-OTF4MHNH" failures="0" tests="1" name="serializationAndDeserialization.TestMenuJsonPayload" time="0.524" errors="0" timestamp="2020-03-07T14:35:43 IST" skipped="0">
  <testcase classname="serializationAndDeserialization.TestMenuJsonPayload" name="testMenuJsonPayload" time="0.524"/>
</testsuite> <!-- serializationAndDeserialization.TestMenuJsonPayload -->
