<?xml version="1.0" encoding="UTF-8"?>
<!-- Generated by org.testng.reporters.JUnitReportReporter -->
<testsuite hostname="LAPTOP-OTF4MHNH" failures="0" tests="1" name="sd1.Test_Json_Payload" time="0.590" errors="0" timestamp="2020-03-10T16:22:01 IST" skipped="0">
  <testcase classname="sd1.Test_Json_Payload" name="test_Json_Payload" time="0.590"/>
</testsuite> <!-- sd1.Test_Json_Payload -->
